Using pre-set license
Built from '2020.3/release' branch; Version is '2020.3.1f1 (77a89f25062f) revision 7841951'; Using compiler version '192528614'; Build Type 'Release'
OS: 'Windows 10 Home; OS build 22621.2715; Version 2009; 64bit' Language: 'es' Physical Memory: 32630 MB
BatchMode: 1, IsHumanControllingUs: 0, StartBugReporterOnCrash: 0, Is64bit: 1, IsPro: 0

 COMMAND LINE ARGUMENTS:
C:\Program Files\Unity\Hub\Editor\2020.3.1f1\Editor\Unity.exe
-adb2
-batchMode
-noUpm
-name
AssetImportWorker0
-projectPath
C:/Users/guill/Documents/Universidad/Juegos/Plataformas/Proyecto
-logFile
Logs/AssetImportWorker0.log
-srvPort
63641
Successfully changed project path to: C:/Users/guill/Documents/Universidad/Juegos/Plataformas/Proyecto
C:/Users/guill/Documents/Universidad/Juegos/Plataformas/Proyecto
Using Asset Import Pipeline V2.
Refreshing native plugins compatible for Editor in 32.68 ms, found 1 plugins.
Preloading 0 native plugins for Editor in 0.00 ms.
Initialize engine version: 2020.3.1f1 (77a89f25062f)
[Subsystems] Discovering subsystems at path C:/Program Files/Unity/Hub/Editor/2020.3.1f1/Editor/Data/Resources/UnitySubsystems
[Subsystems] Discovering subsystems at path C:/Users/guill/Documents/Universidad/Juegos/Plataformas/Proyecto/Assets
GfxDevice: creating device client; threaded=0
Direct3D:
    Version:  Direct3D 11.0 [level 11.1]
    Renderer: NVIDIA GeForce RTX 2070 SUPER (ID=0x1e84)
    Vendor:   
    VRAM:     8003 MB
    Driver:   31.0.15.3640
Initialize mono
Mono path[0] = 'C:/Program Files/Unity/Hub/Editor/2020.3.1f1/Editor/Data/Managed'
Mono path[1] = 'C:/Program Files/Unity/Hub/Editor/2020.3.1f1/Editor/Data/MonoBleedingEdge/lib/mono/unityjit'
Mono config path = 'C:/Program Files/Unity/Hub/Editor/2020.3.1f1/Editor/Data/MonoBleedingEdge/etc'
Using monoOptions --debugger-agent=transport=dt_socket,embedding=1,server=y,suspend=n,address=127.0.0.1:56468
Begin MonoManager ReloadAssembly
Registering precompiled unity dll's ...
Register platform support module: C:/Program Files/Unity/Hub/Editor/2020.3.1f1/Editor/Data/PlaybackEngines/WindowsStandaloneSupport/UnityEditor.WindowsStandalone.Extensions.dll
Registered in 0.001282 seconds.
Native extension for WindowsStandalone target not found
Refreshing native plugins compatible for Editor in 32.72 ms, found 1 plugins.
Preloading 0 native plugins for Editor in 0.00 ms.
Invoked RoslynAnalysisRunner static constructor.
RoslynAnalysisRunner will not be running.
RoslynAnalysisRunner has terminated.
Mono: successfully reloaded assembly
- Completed reload, in  1.614 seconds
Platform modules already initialized, skipping
Registering precompiled user dll's ...
Registered in 0.000916 seconds.
Begin MonoManager ReloadAssembly
Native extension for WindowsStandalone target not found
Refreshing native plugins compatible for Editor in 31.89 ms, found 1 plugins.
Preloading 0 native plugins for Editor in 0.00 ms.
Invoked RoslynAnalysisRunner static constructor.
RoslynAnalysisRunner will not be running.
RoslynAnalysisRunner has terminated.
Mono: successfully reloaded assembly
- Completed reload, in  0.782 seconds
Platform modules already initialized, skipping
========================================================================
Worker process is ready to serve import requests
Launched and connected shader compiler UnityShaderCompiler.exe after 0.03 seconds
Refreshing native plugins compatible for Editor in 0.34 ms, found 1 plugins.
Preloading 0 native plugins for Editor in 0.00 ms.
Unloading 1811 Unused Serialized files (Serialized files now loaded: 0)
System memory in use before: 84.7 MB.
System memory in use after: 84.7 MB.

Unloading 24 unused Assets to reduce memory usage. Loaded Objects now: 2254.
Total: 1.583900 ms (FindLiveObjects: 0.191500 ms CreateObjectMapping: 0.095500 ms MarkObjects: 1.201500 ms  DeleteObjects: 0.094600 ms)

========================================================================
Received Import Request.
  path: Assets/Stomper Artwork/PixelArt/Player/Air/Jump.png
  artifactKey: Guid(254f18d9bf12c461a9e02de77091fe5a) Importer(815301076,1909f56bfc062723c751e8b465ee728b)
Start importing Assets/Stomper Artwork/PixelArt/Player/Air/Jump.png using Guid(254f18d9bf12c461a9e02de77091fe5a) Importer(815301076,1909f56bfc062723c751e8b465ee728b)  -> (artifact id: '8027efc1d08f534f964235588b724501') in 0.106825 seconds
  Import took 0.109057 seconds .

========================================================================
Received Import Request.
  Time since last request: 0.000131 seconds.
  path: Packages/com.unity.2d.animation/Editor/Assets/SkinningModule/Icons/Light/Generate_Weights@4x.png
  artifactKey: Guid(a56b84f780e8aef439e9a83d60ca7420) Importer(815301076,1909f56bfc062723c751e8b465ee728b)
Start importing Packages/com.unity.2d.animation/Editor/Assets/SkinningModule/Icons/Light/Generate_Weights@4x.png using Guid(a56b84f780e8aef439e9a83d60ca7420) Importer(815301076,1909f56bfc062723c751e8b465ee728b)  -> (artifact id: '9f1c20e29aaef9bb8bd85119a715a8e9') in 0.016306 seconds
  Import took 0.018442 seconds .

========================================================================
Received Import Request.
  Time since last request: 0.000174 seconds.
  path: Packages/com.unity.2d.animation/Editor/Assets/SkinningModule/Icons/Selected/Generate_Weights@4x.png
  artifactKey: Guid(ea292d445b1c4cb48897511cd9453f1c) Importer(815301076,1909f56bfc062723c751e8b465ee728b)
Start importing Packages/com.unity.2d.animation/Editor/Assets/SkinningModule/Icons/Selected/Generate_Weights@4x.png using Guid(ea292d445b1c4cb48897511cd9453f1c) Importer(815301076,1909f56bfc062723c751e8b465ee728b)  -> (artifact id: 'f5cdaf5a0d12fe4974cf9d29d50a698e') in 0.015763 seconds
  Import took 0.018522 seconds .

========================================================================
Received Import Request.
  Time since last request: 0.000146 seconds.
  path: Packages/com.unity.2d.animation/Editor/Assets/SkinningModule/Icons/Selected/Generate_Weights@3x.png
  artifactKey: Guid(8174b068fa7b788459b03cec80d0641a) Importer(815301076,1909f56bfc062723c751e8b465ee728b)
Start importing Packages/com.unity.2d.animation/Editor/Assets/SkinningModule/Icons/Selected/Generate_Weights@3x.png using Guid(8174b068fa7b788459b03cec80d0641a) Importer(815301076,1909f56bfc062723c751e8b465ee728b)  -> (artifact id: '8cecdab5b71aec8509aa74917885dfb5') in 0.016951 seconds
  Import took 0.019356 seconds .

========================================================================
Received Import Request.
  Time since last request: 387.861089 seconds.
  path: Assets/Script
  artifactKey: Guid(9318fdc9ad13c6244a30c1fcb5d2723b) Importer(815301076,1909f56bfc062723c751e8b465ee728b)
Start importing Assets/Script using Guid(9318fdc9ad13c6244a30c1fcb5d2723b) Importer(815301076,1909f56bfc062723c751e8b465ee728b)  -> (artifact id: '9df42a41e9183125fa7e0d6fff33c0ae') in 0.006381 seconds
  Import took 0.008730 seconds .

========================================================================
Received Import Request.
  Time since last request: 210.753810 seconds.
  path: Assets/Script/Boss
  artifactKey: Guid(67ee010ccfac8de4e9e53c2b7331f745) Importer(815301076,1909f56bfc062723c751e8b465ee728b)
Start importing Assets/Script/Boss using Guid(67ee010ccfac8de4e9e53c2b7331f745) Importer(815301076,1909f56bfc062723c751e8b465ee728b)  -> (artifact id: 'd866caa97441c944c0d1be8945c73233') in 0.008293 seconds
  Import took 0.011039 seconds .

========================================================================
Received Prepare
Registering precompiled user dll's ...
Registered in 0.000740 seconds.
Begin MonoManager ReloadAssembly
Native extension for WindowsStandalone target not found
Refreshing native plugins compatible for Editor in 0.61 ms, found 1 plugins.
Preloading 0 native plugins for Editor in 0.00 ms.
Invoked RoslynAnalysisRunner static constructor.
RoslynAnalysisRunner will not be running.
RoslynAnalysisRunner has terminated.
Mono: successfully reloaded assembly
- Completed reload, in  0.751 seconds
Platform modules already initialized, skipping
Script is not up to date after domain reload: guid(545e82ca5497b6a4ba2cb62c32929656) path("Assets/Script/Boss/Boss.cs") state(2)
Refreshing native plugins compatible for Editor in 0.34 ms, found 1 plugins.
Preloading 0 native plugins for Editor in 0.00 ms.
Unloading 1807 Unused Serialized files (Serialized files now loaded: 0)
System memory in use before: 87.8 MB.
System memory in use after: 87.8 MB.

Unloading 12 unused Assets to reduce memory usage. Loaded Objects now: 2269.
Total: 2.396100 ms (FindLiveObjects: 0.778500 ms CreateObjectMapping: 0.187300 ms MarkObjects: 1.340200 ms  DeleteObjects: 0.088900 ms)

========================================================================
Received Prepare
Registering precompiled user dll's ...
Registered in 0.001201 seconds.
Begin MonoManager ReloadAssembly
Native extension for WindowsStandalone target not found
Refreshing native plugins compatible for Editor in 0.62 ms, found 1 plugins.
Preloading 0 native plugins for Editor in 0.00 ms.
Invoked RoslynAnalysisRunner static constructor.
RoslynAnalysisRunner will not be running.
RoslynAnalysisRunner has terminated.
Mono: successfully reloaded assembly
- Completed reload, in  0.707 seconds
Platform modules already initialized, skipping
Refreshing native plugins compatible for Editor in 0.37 ms, found 1 plugins.
Preloading 0 native plugins for Editor in 0.00 ms.
Unloading 1808 Unused Serialized files (Serialized files now loaded: 0)
System memory in use before: 87.9 MB.
System memory in use after: 87.9 MB.

Unloading 12 unused Assets to reduce memory usage. Loaded Objects now: 2274.
Total: 1.580900 ms (FindLiveObjects: 0.175800 ms CreateObjectMapping: 0.071000 ms MarkObjects: 1.233200 ms  DeleteObjects: 0.099000 ms)

========================================================================
Received Import Request.
  Time since last request: 102.649595 seconds.
  path: Assets/Script/Player
  artifactKey: Guid(744906d01efa9f448af01caaaf806aee) Importer(815301076,1909f56bfc062723c751e8b465ee728b)
Start importing Assets/Script/Player using Guid(744906d01efa9f448af01caaaf806aee) Importer(815301076,1909f56bfc062723c751e8b465ee728b)  -> (artifact id: 'e7a4a8685e344845430a2d7fcd19eb9b') in 0.010384 seconds
  Import took 0.013142 seconds .

========================================================================
Received Prepare
Registering precompiled user dll's ...
Registered in 0.000749 seconds.
Begin MonoManager ReloadAssembly
Native extension for WindowsStandalone target not found
Refreshing native plugins compatible for Editor in 0.38 ms, found 1 plugins.
Preloading 0 native plugins for Editor in 0.00 ms.
Invoked RoslynAnalysisRunner static constructor.
RoslynAnalysisRunner will not be running.
RoslynAnalysisRunner has terminated.
Mono: successfully reloaded assembly
- Completed reload, in  0.707 seconds
Platform modules already initialized, skipping
Refreshing native plugins compatible for Editor in 0.65 ms, found 1 plugins.
Preloading 0 native plugins for Editor in 0.00 ms.
Unloading 1811 Unused Serialized files (Serialized files now loaded: 0)
System memory in use before: 88.0 MB.
System memory in use after: 88.0 MB.

Unloading 12 unused Assets to reduce memory usage. Loaded Objects now: 2281.
Total: 4.696800 ms (FindLiveObjects: 0.478800 ms CreateObjectMapping: 1.074700 ms MarkObjects: 2.999000 ms  DeleteObjects: 0.143000 ms)

========================================================================
Received Prepare
Registering precompiled user dll's ...
Registered in 0.001226 seconds.
Begin MonoManager ReloadAssembly
Native extension for WindowsStandalone target not found
Refreshing native plugins compatible for Editor in 0.34 ms, found 1 plugins.
Preloading 0 native plugins for Editor in 0.00 ms.
Invoked RoslynAnalysisRunner static constructor.
RoslynAnalysisRunner will not be running.
RoslynAnalysisRunner has terminated.
Mono: successfully reloaded assembly
- Completed reload, in  0.707 seconds
Platform modules already initialized, skipping
Script is not up to date after domain reload: guid(5e87d1fc781004d4da289462c940bb22) path("Assets/Script/Player/PrefabWeapon.cs") state(2)
Refreshing native plugins compatible for Editor in 0.33 ms, found 1 plugins.
Preloading 0 native plugins for Editor in 0.00 ms.
Unloading 1812 Unused Serialized files (Serialized files now loaded: 0)
System memory in use before: 88.0 MB.
System memory in use after: 88.0 MB.

Unloading 12 unused Assets to reduce memory usage. Loaded Objects now: 2286.
Total: 1.970900 ms (FindLiveObjects: 0.428300 ms CreateObjectMapping: 0.161600 ms MarkObjects: 1.288200 ms  DeleteObjects: 0.091400 ms)

========================================================================
Received Prepare
Registering precompiled user dll's ...
Registered in 0.000789 seconds.
Begin MonoManager ReloadAssembly
Native extension for WindowsStandalone target not found
Refreshing native plugins compatible for Editor in 0.39 ms, found 1 plugins.
Preloading 0 native plugins for Editor in 0.00 ms.
Invoked RoslynAnalysisRunner static constructor.
RoslynAnalysisRunner will not be running.
RoslynAnalysisRunner has terminated.
Mono: successfully reloaded assembly
- Completed reload, in  0.692 seconds
Platform modules already initialized, skipping
Refreshing native plugins compatible for Editor in 0.34 ms, found 1 plugins.
Preloading 0 native plugins for Editor in 0.00 ms.
Unloading 1813 Unused Serialized files (Serialized files now loaded: 0)
System memory in use before: 88.1 MB.
System memory in use after: 88.0 MB.

Unloading 12 unused Assets to reduce memory usage. Loaded Objects now: 2291.
Total: 1.904700 ms (FindLiveObjects: 0.230200 ms CreateObjectMapping: 0.146300 ms MarkObjects: 1.439400 ms  DeleteObjects: 0.087800 ms)

========================================================================
Received Import Request.
  Time since last request: 21.981492 seconds.
  path: Assets/Script/Player/PrefabWeapon.cs
  artifactKey: Guid(5e87d1fc781004d4da289462c940bb22) Importer(815301076,1909f56bfc062723c751e8b465ee728b)
Start importing Assets/Script/Player/PrefabWeapon.cs using Guid(5e87d1fc781004d4da289462c940bb22) Importer(815301076,1909f56bfc062723c751e8b465ee728b)  -> (artifact id: '16e52d08c51771a7df47b3c2684b5d74') in 0.012519 seconds
  Import took 0.015322 seconds .

========================================================================
Received Import Request.
  Time since last request: 11.551164 seconds.
  path: Assets/Script/Player/PlayerMovement.cs
  artifactKey: Guid(4e2099117b7360145b02e2cd3e02e48b) Importer(815301076,1909f56bfc062723c751e8b465ee728b)
Start importing Assets/Script/Player/PlayerMovement.cs using Guid(4e2099117b7360145b02e2cd3e02e48b) Importer(815301076,1909f56bfc062723c751e8b465ee728b)  -> (artifact id: '87d31cb6affa8628a9316d715eb5b1d6') in 0.005969 seconds
  Import took 0.009383 seconds .

========================================================================
Received Import Request.
  Time since last request: 0.017749 seconds.
  path: Assets/Script/Player/PlayerMovement.cs
  artifactKey: Guid(4e2099117b7360145b02e2cd3e02e48b) Importer(815301076,1909f56bfc062723c751e8b465ee728b)
Start importing Assets/Script/Player/PlayerMovement.cs using Guid(4e2099117b7360145b02e2cd3e02e48b) Importer(815301076,1909f56bfc062723c751e8b465ee728b)  -> (artifact id: '87d31cb6affa8628a9316d715eb5b1d6') in 0.002804 seconds
  Import took 0.005638 seconds .

========================================================================
Received Import Request.
  Time since last request: 10.257139 seconds.
  path: Assets/Script/Player/PlayerHealth.cs
  artifactKey: Guid(a1ad5f769f232024e9df3d2ed1bdc8a1) Importer(815301076,1909f56bfc062723c751e8b465ee728b)
Start importing Assets/Script/Player/PlayerHealth.cs using Guid(a1ad5f769f232024e9df3d2ed1bdc8a1) Importer(815301076,1909f56bfc062723c751e8b465ee728b)  -> (artifact id: '7989595025f889593a039c5dba7d9b53') in 0.009116 seconds
  Import took 0.011900 seconds .

========================================================================
Received Import Request.
  Time since last request: 0.001406 seconds.
  path: Assets/Script/Player/PlayerHealth.cs
  artifactKey: Guid(a1ad5f769f232024e9df3d2ed1bdc8a1) Importer(815301076,1909f56bfc062723c751e8b465ee728b)
Start importing Assets/Script/Player/PlayerHealth.cs using Guid(a1ad5f769f232024e9df3d2ed1bdc8a1) Importer(815301076,1909f56bfc062723c751e8b465ee728b)  -> (artifact id: '7989595025f889593a039c5dba7d9b53') in 0.006285 seconds
  Import took 0.013818 seconds .

========================================================================
Received Import Request.
  Time since last request: 16.199631 seconds.
  path: Assets/Script/Player/CharacterController2D.cs
  artifactKey: Guid(e9318deeedc391b48bd7e7fb609fa7c8) Importer(815301076,1909f56bfc062723c751e8b465ee728b)
Start importing Assets/Script/Player/CharacterController2D.cs using Guid(e9318deeedc391b48bd7e7fb609fa7c8) Importer(815301076,1909f56bfc062723c751e8b465ee728b)  -> (artifact id: '98037b59e70c4fa9c04e83a429488f81') in 0.007369 seconds
  Import took 0.009581 seconds .

========================================================================
Received Prepare
Registering precompiled user dll's ...
Registered in 0.001320 seconds.
Begin MonoManager ReloadAssembly
Native extension for WindowsStandalone target not found
Refreshing native plugins compatible for Editor in 0.36 ms, found 1 plugins.
Preloading 0 native plugins for Editor in 0.00 ms.
Invoked RoslynAnalysisRunner static constructor.
RoslynAnalysisRunner will not be running.
RoslynAnalysisRunner has terminated.
Mono: successfully reloaded assembly
- Completed reload, in  0.716 seconds
Platform modules already initialized, skipping
Refreshing native plugins compatible for Editor in 0.33 ms, found 1 plugins.
Preloading 0 native plugins for Editor in 0.00 ms.
Unloading 1813 Unused Serialized files (Serialized files now loaded: 0)
System memory in use before: 88.1 MB.
System memory in use after: 88.1 MB.

Unloading 12 unused Assets to reduce memory usage. Loaded Objects now: 2295.
Total: 2.877500 ms (FindLiveObjects: 0.957100 ms CreateObjectMapping: 0.161100 ms MarkObjects: 1.659600 ms  DeleteObjects: 0.098600 ms)

========================================================================
Received Prepare
Registering precompiled user dll's ...
Registered in 0.001233 seconds.
Begin MonoManager ReloadAssembly
Native extension for WindowsStandalone target not found
Refreshing native plugins compatible for Editor in 0.34 ms, found 1 plugins.
Preloading 0 native plugins for Editor in 0.00 ms.
Invoked RoslynAnalysisRunner static constructor.
RoslynAnalysisRunner will not be running.
RoslynAnalysisRunner has terminated.
Mono: successfully reloaded assembly
- Completed reload, in  0.744 seconds
Platform modules already initialized, skipping
Refreshing native plugins compatible for Editor in 0.32 ms, found 1 plugins.
Preloading 0 native plugins for Editor in 0.00 ms.
Unloading 1813 Unused Serialized files (Serialized files now loaded: 0)
System memory in use before: 88.1 MB.
System memory in use after: 88.1 MB.

Unloading 12 unused Assets to reduce memory usage. Loaded Objects now: 2299.
Total: 2.162900 ms (FindLiveObjects: 0.539700 ms CreateObjectMapping: 0.151700 ms MarkObjects: 1.380700 ms  DeleteObjects: 0.089000 ms)

AssetImportWorkerClient::OnTransportError - code=2 error=End of file
